[2021-07-09 10:48:51] [INFO] [org.hibernate.validator.internal.util.Version] HV000001: Hibernate Validator 6.2.0.Final
[2021-07-09 10:48:51] [INFO] [by.itechart.web.ApplicationWeb] Starting ApplicationWeb using Java 11.0.10 on WIN-DQOGFATQ970 with PID 6936 (C:\Users\user\IdeaProjects\clone\Attendings_journal\journal-common\web\target\classes started by user in C:\Users\user\IdeaProjects\clone\Attendings_journal)
[2021-07-09 10:48:51] [INFO] [by.itechart.web.ApplicationWeb] The following profiles are active: dev
[2021-07-09 10:48:52] [INFO] [org.springframework.data.repository.config.RepositoryConfigurationDelegate] Bootstrapping Spring Data JPA repositories in DEFAULT mode.
[2021-07-09 10:48:52] [INFO] [org.springframework.data.repository.config.RepositoryConfigurationDelegate] Finished Spring Data repository scanning in 58 ms. Found 4 JPA repository interfaces.
[2021-07-09 10:48:53] [INFO] [org.springframework.boot.web.embedded.tomcat.TomcatWebServer] Tomcat initialized with port(s): 8080 (http)
[2021-07-09 10:48:53] [INFO] [org.apache.coyote.http11.Http11NioProtocol] Initializing ProtocolHandler ["http-nio-8080"]
[2021-07-09 10:48:53] [INFO] [org.apache.catalina.core.StandardService] Starting service [Tomcat]
[2021-07-09 10:48:53] [INFO] [org.apache.catalina.core.StandardEngine] Starting Servlet engine: [Apache Tomcat/9.0.48]
[2021-07-09 10:48:53] [INFO] [org.apache.catalina.core.ContainerBase.[Tomcat].[localhost].[/]] Initializing Spring embedded WebApplicationContext
[2021-07-09 10:48:53] [INFO] [org.springframework.boot.web.servlet.context.ServletWebServerApplicationContext] Root WebApplicationContext: initialization completed in 1781 ms
[2021-07-09 10:48:53] [INFO] [org.flywaydb.core.internal.license.VersionPrinter] Flyway Community Edition 7.7.3 by Redgate
[2021-07-09 10:48:53] [INFO] [com.zaxxer.hikari.HikariDataSource] HikariPool-1 - Starting...
[2021-07-09 10:48:53] [INFO] [com.zaxxer.hikari.HikariDataSource] HikariPool-1 - Start completed.
[2021-07-09 10:48:53] [INFO] [org.flywaydb.core.internal.database.base.DatabaseType] Database: jdbc:postgresql://localhost:8081/journal (PostgreSQL 12.7)
[2021-07-09 10:48:53] [INFO] [org.flywaydb.core.internal.command.DbValidate] Successfully validated 4 migrations (execution time 00:00.400s)
[2021-07-09 10:48:53] [INFO] [org.flywaydb.core.internal.command.DbMigrate] Current version of schema "public": 4
[2021-07-09 10:48:53] [INFO] [org.flywaydb.core.internal.command.DbMigrate] Schema "public" is up to date. No migration necessary.
[2021-07-09 10:48:54] [INFO] [org.hibernate.jpa.internal.util.LogHelper] HHH000204: Processing PersistenceUnitInfo [name: default]
[2021-07-09 10:48:54] [INFO] [org.hibernate.Version] HHH000412: Hibernate ORM core version 5.4.32.Final
[2021-07-09 10:48:54] [INFO] [org.hibernate.annotations.common.Version] HCANN000001: Hibernate Commons Annotations {5.1.2.Final}
[2021-07-09 10:48:54] [INFO] [org.hibernate.dialect.Dialect] HHH000400: Using dialect: org.hibernate.dialect.PostgreSQL91Dialect
[2021-07-09 10:48:55] [INFO] [org.hibernate.engine.transaction.jta.platform.internal.JtaPlatformInitiator] HHH000490: Using JtaPlatform implementation: [org.hibernate.engine.transaction.jta.platform.internal.NoJtaPlatform]
[2021-07-09 10:48:55] [INFO] [org.springframework.orm.jpa.LocalContainerEntityManagerFactoryBean] Initialized JPA EntityManagerFactory for persistence unit 'default'
[2021-07-09 10:48:55] [WARN] [org.springframework.boot.autoconfigure.orm.jpa.JpaBaseConfiguration$JpaWebConfiguration] spring.jpa.open-in-view is enabled by default. Therefore, database queries may be performed during view rendering. Explicitly configure spring.jpa.open-in-view to disable this warning
[2021-07-09 10:48:55] [INFO] [org.apache.coyote.http11.Http11NioProtocol] Starting ProtocolHandler ["http-nio-8080"]
[2021-07-09 10:48:55] [INFO] [org.springframework.boot.web.embedded.tomcat.TomcatWebServer] Tomcat started on port(s): 8080 (http) with context path ''
[2021-07-09 10:48:55] [INFO] [by.itechart.web.ApplicationWeb] Started ApplicationWeb in 5.378 seconds (JVM running for 6.846)
[2021-07-09 10:50:53] [INFO] [org.apache.catalina.core.ContainerBase.[Tomcat].[localhost].[/]] Initializing Spring DispatcherServlet 'dispatcherServlet'
[2021-07-09 10:50:54] [INFO] [org.springframework.web.servlet.DispatcherServlet] Initializing Servlet 'dispatcherServlet'
[2021-07-09 10:50:54] [INFO] [org.springframework.web.servlet.DispatcherServlet] Completed initialization in 52 ms
[2021-07-09 10:50:54] [INFO] [by.itechart.service.authority.AuthorityServiceImpl] Receive a list of all authorities
[2021-07-09 10:51:11] [INFO] [by.itechart.model.util.ValidationUtil] Validate input params
[2021-07-09 10:51:11] [INFO] [by.itechart.service.authority.AuthorityServiceImpl] Store a authority with a name = 
[2021-07-09 10:51:28] [INFO] [by.itechart.model.util.ValidationUtil] Validate input params
[2021-07-09 10:51:28] [INFO] [by.itechart.service.authority.AuthorityServiceImpl] Remove an authority by the ID = 100009
[2021-07-09 10:52:48] [INFO] [org.hibernate.validator.internal.util.Version] HV000001: Hibernate Validator 6.2.0.Final
[2021-07-09 10:52:48] [INFO] [by.itechart.web.ApplicationWeb] Starting ApplicationWeb using Java 11.0.10 on WIN-DQOGFATQ970 with PID 12236 (C:\Users\user\IdeaProjects\clone\Attendings_journal\journal-common\web\target\classes started by user in C:\Users\user\IdeaProjects\clone\Attendings_journal)
[2021-07-09 10:52:48] [INFO] [by.itechart.web.ApplicationWeb] The following profiles are active: dev
[2021-07-09 10:52:48] [INFO] [org.springframework.data.repository.config.RepositoryConfigurationDelegate] Bootstrapping Spring Data JPA repositories in DEFAULT mode.
[2021-07-09 10:52:48] [INFO] [org.springframework.data.repository.config.RepositoryConfigurationDelegate] Finished Spring Data repository scanning in 56 ms. Found 4 JPA repository interfaces.
[2021-07-09 10:52:49] [INFO] [org.springframework.boot.web.embedded.tomcat.TomcatWebServer] Tomcat initialized with port(s): 8080 (http)
[2021-07-09 10:52:49] [INFO] [org.apache.coyote.http11.Http11NioProtocol] Initializing ProtocolHandler ["http-nio-8080"]
[2021-07-09 10:52:49] [INFO] [org.apache.catalina.core.StandardService] Starting service [Tomcat]
[2021-07-09 10:52:49] [INFO] [org.apache.catalina.core.StandardEngine] Starting Servlet engine: [Apache Tomcat/9.0.48]
[2021-07-09 10:52:49] [INFO] [org.apache.catalina.core.ContainerBase.[Tomcat].[localhost].[/]] Initializing Spring embedded WebApplicationContext
[2021-07-09 10:52:49] [INFO] [org.springframework.boot.web.servlet.context.ServletWebServerApplicationContext] Root WebApplicationContext: initialization completed in 1609 ms
[2021-07-09 10:52:49] [INFO] [org.flywaydb.core.internal.license.VersionPrinter] Flyway Community Edition 7.7.3 by Redgate
[2021-07-09 10:52:49] [INFO] [com.zaxxer.hikari.HikariDataSource] HikariPool-1 - Starting...
[2021-07-09 10:52:50] [INFO] [com.zaxxer.hikari.HikariDataSource] HikariPool-1 - Start completed.
[2021-07-09 10:52:50] [INFO] [org.flywaydb.core.internal.database.base.DatabaseType] Database: jdbc:postgresql://localhost:8081/journal (PostgreSQL 12.7)
[2021-07-09 10:52:50] [INFO] [org.flywaydb.core.internal.command.DbValidate] Successfully validated 4 migrations (execution time 00:00.037s)
[2021-07-09 10:52:50] [INFO] [org.flywaydb.core.internal.command.DbMigrate] Current version of schema "public": 4
[2021-07-09 10:52:50] [INFO] [org.flywaydb.core.internal.command.DbMigrate] Schema "public" is up to date. No migration necessary.
[2021-07-09 10:52:50] [INFO] [org.hibernate.jpa.internal.util.LogHelper] HHH000204: Processing PersistenceUnitInfo [name: default]
[2021-07-09 10:52:50] [INFO] [org.hibernate.Version] HHH000412: Hibernate ORM core version 5.4.32.Final
[2021-07-09 10:52:50] [INFO] [org.hibernate.annotations.common.Version] HCANN000001: Hibernate Commons Annotations {5.1.2.Final}
[2021-07-09 10:52:50] [INFO] [org.hibernate.dialect.Dialect] HHH000400: Using dialect: org.hibernate.dialect.PostgreSQL91Dialect
[2021-07-09 10:52:51] [INFO] [org.hibernate.engine.transaction.jta.platform.internal.JtaPlatformInitiator] HHH000490: Using JtaPlatform implementation: [org.hibernate.engine.transaction.jta.platform.internal.NoJtaPlatform]
[2021-07-09 10:52:51] [INFO] [org.springframework.orm.jpa.LocalContainerEntityManagerFactoryBean] Initialized JPA EntityManagerFactory for persistence unit 'default'
[2021-07-09 10:52:51] [WARN] [org.springframework.boot.autoconfigure.orm.jpa.JpaBaseConfiguration$JpaWebConfiguration] spring.jpa.open-in-view is enabled by default. Therefore, database queries may be performed during view rendering. Explicitly configure spring.jpa.open-in-view to disable this warning
[2021-07-09 10:52:52] [INFO] [org.apache.coyote.http11.Http11NioProtocol] Starting ProtocolHandler ["http-nio-8080"]
[2021-07-09 10:52:52] [INFO] [org.springframework.boot.web.embedded.tomcat.TomcatWebServer] Tomcat started on port(s): 8080 (http) with context path ''
[2021-07-09 10:52:52] [INFO] [by.itechart.web.ApplicationWeb] Started ApplicationWeb in 4.833 seconds (JVM running for 6.807)
[2021-07-09 10:52:58] [INFO] [org.apache.catalina.core.ContainerBase.[Tomcat].[localhost].[/]] Initializing Spring DispatcherServlet 'dispatcherServlet'
[2021-07-09 10:52:58] [INFO] [org.springframework.web.servlet.DispatcherServlet] Initializing Servlet 'dispatcherServlet'
[2021-07-09 10:52:58] [INFO] [org.springframework.web.servlet.DispatcherServlet] Completed initialization in 1 ms
[2021-07-09 10:56:26,507] [34m[INFO][0;39m [o.h.v.i.u.Version Version.java:21] HV000001: Hibernate Validator 6.2.0.Final
[2021-07-09 10:56:26,517] [34m[INFO][0;39m [b.i.w.ApplicationWeb StartupInfoLogger.java:55] Starting ApplicationWeb using Java 11.0.10 on WIN-DQOGFATQ970 with PID 4564 (C:\Users\user\IdeaProjects\clone\Attendings_journal\journal-common\web\target\classes started by user in C:\Users\user\IdeaProjects\clone\Attendings_journal)
[2021-07-09 10:56:26,519] [34m[INFO][0;39m [b.i.w.ApplicationWeb SpringApplication.java:663] The following profiles are active: dev
[2021-07-09 10:56:27,145] [34m[INFO][0;39m [o.s.d.r.c.RepositoryConfigurationDelegate RepositoryConfigurationDelegate.java:132] Bootstrapping Spring Data JPA repositories in DEFAULT mode.
[2021-07-09 10:56:27,208] [34m[INFO][0;39m [o.s.d.r.c.RepositoryConfigurationDelegate RepositoryConfigurationDelegate.java:201] Finished Spring Data repository scanning in 53 ms. Found 4 JPA repository interfaces.
[2021-07-09 10:56:27,926] [34m[INFO][0;39m [o.s.b.w.e.t.TomcatWebServer TomcatWebServer.java:108] Tomcat initialized with port(s): 8080 (http)
[2021-07-09 10:56:27,937] [34m[INFO][0;39m [o.a.c.h.Http11NioProtocol DirectJDKLog.java:173] Initializing ProtocolHandler ["http-nio-8080"]
[2021-07-09 10:56:27,939] [34m[INFO][0;39m [o.a.c.c.StandardService DirectJDKLog.java:173] Starting service [Tomcat]
[2021-07-09 10:56:27,939] [34m[INFO][0;39m [o.a.c.c.StandardEngine DirectJDKLog.java:173] Starting Servlet engine: [Apache Tomcat/9.0.48]
[2021-07-09 10:56:28,041] [34m[INFO][0;39m [o.a.c.c.C.[.[.[/] DirectJDKLog.java:173] Initializing Spring embedded WebApplicationContext
[2021-07-09 10:56:28,042] [34m[INFO][0;39m [o.s.b.w.s.c.ServletWebServerApplicationContext ServletWebServerApplicationContext.java:290] Root WebApplicationContext: initialization completed in 1460 ms
[2021-07-09 10:56:28,164] [34m[INFO][0;39m [o.f.c.i.l.VersionPrinter Slf4jLog.java:49] Flyway Community Edition 7.7.3 by Redgate
[2021-07-09 10:56:28,172] [34m[INFO][0;39m [c.z.h.HikariDataSource HikariDataSource.java:110] HikariPool-1 - Starting...
[2021-07-09 10:56:28,256] [34m[INFO][0;39m [c.z.h.HikariDataSource HikariDataSource.java:123] HikariPool-1 - Start completed.
[2021-07-09 10:56:28,285] [34m[INFO][0;39m [o.f.c.i.d.b.DatabaseType Slf4jLog.java:49] Database: jdbc:postgresql://localhost:8081/journal (PostgreSQL 12.7)
[2021-07-09 10:56:28,345] [34m[INFO][0;39m [o.f.c.i.c.DbValidate Slf4jLog.java:49] Successfully validated 4 migrations (execution time 00:00.030s)
[2021-07-09 10:56:28,361] [34m[INFO][0;39m [o.f.c.i.c.DbMigrate Slf4jLog.java:49] Current version of schema "public": 4
[2021-07-09 10:56:28,364] [34m[INFO][0;39m [o.f.c.i.c.DbMigrate Slf4jLog.java:49] Schema "public" is up to date. No migration necessary.
[2021-07-09 10:56:28,468] [34m[INFO][0;39m [o.h.j.i.u.LogHelper LogHelper.java:31] HHH000204: Processing PersistenceUnitInfo [name: default]
[2021-07-09 10:56:28,526] [34m[INFO][0;39m [o.h.Version Version.java:44] HHH000412: Hibernate ORM core version 5.4.32.Final
[2021-07-09 10:56:28,689] [34m[INFO][0;39m [o.h.a.c.Version JavaReflectionManager.java:56] HCANN000001: Hibernate Commons Annotations {5.1.2.Final}
[2021-07-09 10:56:28,826] [34m[INFO][0;39m [o.h.d.Dialect Dialect.java:175] HHH000400: Using dialect: org.hibernate.dialect.PostgreSQL91Dialect
[2021-07-09 10:56:29,491] [34m[INFO][0;39m [o.h.e.t.j.p.i.JtaPlatformInitiator JtaPlatformInitiator.java:52] HHH000490: Using JtaPlatform implementation: [org.hibernate.engine.transaction.jta.platform.internal.NoJtaPlatform]
[2021-07-09 10:56:29,503] [34m[INFO][0;39m [o.s.o.j.LocalContainerEntityManagerFactoryBean AbstractEntityManagerFactoryBean.java:437] Initialized JPA EntityManagerFactory for persistence unit 'default'
[2021-07-09 10:56:29,910] [31m[WARN][0;39m [o.s.b.a.o.j.JpaBaseConfiguration$JpaWebConfiguration JpaBaseConfiguration.java:219] spring.jpa.open-in-view is enabled by default. Therefore, database queries may be performed during view rendering. Explicitly configure spring.jpa.open-in-view to disable this warning
[2021-07-09 10:56:30,340] [34m[INFO][0;39m [o.a.c.h.Http11NioProtocol DirectJDKLog.java:173] Starting ProtocolHandler ["http-nio-8080"]
[2021-07-09 10:56:30,376] [34m[INFO][0;39m [o.s.b.w.e.t.TomcatWebServer TomcatWebServer.java:220] Tomcat started on port(s): 8080 (http) with context path ''
[2021-07-09 10:56:30,390] [34m[INFO][0;39m [b.i.w.ApplicationWeb StartupInfoLogger.java:61] Started ApplicationWeb in 4.367 seconds (JVM running for 5.534)
[2021-07-09 10:57:24,612] [34m[INFO][0;39m [o.h.v.i.u.Version Version.java:21] HV000001: Hibernate Validator 6.2.0.Final
[2021-07-09 10:57:24,635] [34m[INFO][0;39m [b.i.w.ApplicationWeb StartupInfoLogger.java:55] Starting ApplicationWeb using Java 11.0.10 on WIN-DQOGFATQ970 with PID 10104 (C:\Users\user\IdeaProjects\clone\Attendings_journal\journal-common\web\target\classes started by user in C:\Users\user\IdeaProjects\clone\Attendings_journal)
[2021-07-09 10:57:24,642] [34m[INFO][0;39m [b.i.w.ApplicationWeb SpringApplication.java:663] The following profiles are active: dev
[2021-07-09 10:57:25,237] [34m[INFO][0;39m [o.s.d.r.c.RepositoryConfigurationDelegate RepositoryConfigurationDelegate.java:132] Bootstrapping Spring Data JPA repositories in DEFAULT mode.
[2021-07-09 10:57:25,297] [34m[INFO][0;39m [o.s.d.r.c.RepositoryConfigurationDelegate RepositoryConfigurationDelegate.java:201] Finished Spring Data repository scanning in 52 ms. Found 4 JPA repository interfaces.
[2021-07-09 10:57:26,031] [34m[INFO][0;39m [o.s.b.w.e.t.TomcatWebServer TomcatWebServer.java:108] Tomcat initialized with port(s): 8080 (http)
[2021-07-09 10:57:26,042] [34m[INFO][0;39m [o.a.c.h.Http11NioProtocol DirectJDKLog.java:173] Initializing ProtocolHandler ["http-nio-8080"]
[2021-07-09 10:57:26,043] [34m[INFO][0;39m [o.a.c.c.StandardService DirectJDKLog.java:173] Starting service [Tomcat]
[2021-07-09 10:57:26,043] [34m[INFO][0;39m [o.a.c.c.StandardEngine DirectJDKLog.java:173] Starting Servlet engine: [Apache Tomcat/9.0.48]
[2021-07-09 10:57:26,133] [34m[INFO][0;39m [o.a.c.c.C.[.[.[/] DirectJDKLog.java:173] Initializing Spring embedded WebApplicationContext
[2021-07-09 10:57:26,133] [34m[INFO][0;39m [o.s.b.w.s.c.ServletWebServerApplicationContext ServletWebServerApplicationContext.java:290] Root WebApplicationContext: initialization completed in 1418 ms
[2021-07-09 10:57:26,263] [34m[INFO][0;39m [o.f.c.i.l.VersionPrinter Slf4jLog.java:49] Flyway Community Edition 7.7.3 by Redgate
[2021-07-09 10:57:26,272] [34m[INFO][0;39m [c.z.h.HikariDataSource HikariDataSource.java:110] HikariPool-1 - Starting...
[2021-07-09 10:57:26,355] [34m[INFO][0;39m [c.z.h.HikariDataSource HikariDataSource.java:123] HikariPool-1 - Start completed.
[2021-07-09 10:57:26,384] [34m[INFO][0;39m [o.f.c.i.d.b.DatabaseType Slf4jLog.java:49] Database: jdbc:postgresql://localhost:8081/journal (PostgreSQL 12.7)
[2021-07-09 10:57:26,443] [34m[INFO][0;39m [o.f.c.i.c.DbValidate Slf4jLog.java:49] Successfully validated 4 migrations (execution time 00:00.028s)
[2021-07-09 10:57:26,455] [34m[INFO][0;39m [o.f.c.i.c.DbMigrate Slf4jLog.java:49] Current version of schema "public": 4
[2021-07-09 10:57:26,456] [34m[INFO][0;39m [o.f.c.i.c.DbMigrate Slf4jLog.java:49] Schema "public" is up to date. No migration necessary.
[2021-07-09 10:57:26,543] [34m[INFO][0;39m [o.h.j.i.u.LogHelper LogHelper.java:31] HHH000204: Processing PersistenceUnitInfo [name: default]
[2021-07-09 10:57:26,607] [34m[INFO][0;39m [o.h.Version Version.java:44] HHH000412: Hibernate ORM core version 5.4.32.Final
[2021-07-09 10:57:26,781] [34m[INFO][0;39m [o.h.a.c.Version JavaReflectionManager.java:56] HCANN000001: Hibernate Commons Annotations {5.1.2.Final}
[2021-07-09 10:57:26,896] [34m[INFO][0;39m [o.h.d.Dialect Dialect.java:175] HHH000400: Using dialect: org.hibernate.dialect.PostgreSQL91Dialect
[2021-07-09 10:57:27,739] [34m[INFO][0;39m [o.h.e.t.j.p.i.JtaPlatformInitiator JtaPlatformInitiator.java:52] HHH000490: Using JtaPlatform implementation: [org.hibernate.engine.transaction.jta.platform.internal.NoJtaPlatform]
[2021-07-09 10:57:27,751] [34m[INFO][0;39m [o.s.o.j.LocalContainerEntityManagerFactoryBean AbstractEntityManagerFactoryBean.java:437] Initialized JPA EntityManagerFactory for persistence unit 'default'
[2021-07-09 10:57:28,182] [31m[WARN][0;39m [o.s.b.a.o.j.JpaBaseConfiguration$JpaWebConfiguration JpaBaseConfiguration.java:219] spring.jpa.open-in-view is enabled by default. Therefore, database queries may be performed during view rendering. Explicitly configure spring.jpa.open-in-view to disable this warning
[2021-07-09 10:57:28,543] [34m[INFO][0;39m [o.a.c.h.Http11NioProtocol DirectJDKLog.java:173] Starting ProtocolHandler ["http-nio-8080"]
[2021-07-09 10:57:28,571] [34m[INFO][0;39m [o.s.b.w.e.t.TomcatWebServer TomcatWebServer.java:220] Tomcat started on port(s): 8080 (http) with context path ''
[2021-07-09 10:57:28,585] [34m[INFO][0;39m [b.i.w.ApplicationWeb StartupInfoLogger.java:61] Started ApplicationWeb in 4.595 seconds (JVM running for 5.68)
[2021-07-09 10:57:37,789] [34m[INFO][0;39m [o.h.v.i.u.Version Version.java:21] HV000001: Hibernate Validator 6.2.0.Final
[2021-07-09 10:57:37,796] [34m[INFO][0;39m [b.i.w.ApplicationWeb StartupInfoLogger.java:55] Starting ApplicationWeb using Java 11.0.10 on WIN-DQOGFATQ970 with PID 5744 (C:\Users\user\IdeaProjects\clone\Attendings_journal\journal-common\web\target\classes started by user in C:\Users\user\IdeaProjects\clone\Attendings_journal)
[2021-07-09 10:57:37,798] [34m[INFO][0;39m [b.i.w.ApplicationWeb SpringApplication.java:663] The following profiles are active: dev
[2021-07-09 10:57:38,332] [34m[INFO][0;39m [o.s.d.r.c.RepositoryConfigurationDelegate RepositoryConfigurationDelegate.java:132] Bootstrapping Spring Data JPA repositories in DEFAULT mode.
[2021-07-09 10:57:38,384] [34m[INFO][0;39m [o.s.d.r.c.RepositoryConfigurationDelegate RepositoryConfigurationDelegate.java:201] Finished Spring Data repository scanning in 44 ms. Found 4 JPA repository interfaces.
[2021-07-09 10:57:39,109] [34m[INFO][0;39m [o.s.b.w.e.t.TomcatWebServer TomcatWebServer.java:108] Tomcat initialized with port(s): 8080 (http)
[2021-07-09 10:57:39,120] [34m[INFO][0;39m [o.a.c.h.Http11NioProtocol DirectJDKLog.java:173] Initializing ProtocolHandler ["http-nio-8080"]
[2021-07-09 10:57:39,121] [34m[INFO][0;39m [o.a.c.c.StandardService DirectJDKLog.java:173] Starting service [Tomcat]
[2021-07-09 10:57:39,121] [34m[INFO][0;39m [o.a.c.c.StandardEngine DirectJDKLog.java:173] Starting Servlet engine: [Apache Tomcat/9.0.48]
[2021-07-09 10:57:39,227] [34m[INFO][0;39m [o.a.c.c.C.[.[.[/] DirectJDKLog.java:173] Initializing Spring embedded WebApplicationContext
[2021-07-09 10:57:39,227] [34m[INFO][0;39m [o.s.b.w.s.c.ServletWebServerApplicationContext ServletWebServerApplicationContext.java:290] Root WebApplicationContext: initialization completed in 1367 ms
[2021-07-09 10:57:39,345] [34m[INFO][0;39m [o.f.c.i.l.VersionPrinter Slf4jLog.java:49] Flyway Community Edition 7.7.3 by Redgate
[2021-07-09 10:57:39,352] [34m[INFO][0;39m [c.z.h.HikariDataSource HikariDataSource.java:110] HikariPool-1 - Starting...
[2021-07-09 10:57:39,430] [34m[INFO][0;39m [c.z.h.HikariDataSource HikariDataSource.java:123] HikariPool-1 - Start completed.
[2021-07-09 10:57:39,457] [34m[INFO][0;39m [o.f.c.i.d.b.DatabaseType Slf4jLog.java:49] Database: jdbc:postgresql://localhost:8081/journal (PostgreSQL 12.7)
[2021-07-09 10:57:39,513] [34m[INFO][0;39m [o.f.c.i.c.DbValidate Slf4jLog.java:49] Successfully validated 4 migrations (execution time 00:00.027s)
[2021-07-09 10:57:39,548] [34m[INFO][0;39m [o.f.c.i.c.DbMigrate Slf4jLog.java:49] Current version of schema "public": 4
[2021-07-09 10:57:39,557] [34m[INFO][0;39m [o.f.c.i.c.DbMigrate Slf4jLog.java:49] Schema "public" is up to date. No migration necessary.
[2021-07-09 10:57:39,671] [34m[INFO][0;39m [o.h.j.i.u.LogHelper LogHelper.java:31] HHH000204: Processing PersistenceUnitInfo [name: default]
[2021-07-09 10:57:39,747] [34m[INFO][0;39m [o.h.Version Version.java:44] HHH000412: Hibernate ORM core version 5.4.32.Final
[2021-07-09 10:57:39,883] [34m[INFO][0;39m [o.h.a.c.Version JavaReflectionManager.java:56] HCANN000001: Hibernate Commons Annotations {5.1.2.Final}
[2021-07-09 10:57:39,994] [34m[INFO][0;39m [o.h.d.Dialect Dialect.java:175] HHH000400: Using dialect: org.hibernate.dialect.PostgreSQL91Dialect
[2021-07-09 10:57:40,586] [34m[INFO][0;39m [o.h.e.t.j.p.i.JtaPlatformInitiator JtaPlatformInitiator.java:52] HHH000490: Using JtaPlatform implementation: [org.hibernate.engine.transaction.jta.platform.internal.NoJtaPlatform]
[2021-07-09 10:57:40,595] [34m[INFO][0;39m [o.s.o.j.LocalContainerEntityManagerFactoryBean AbstractEntityManagerFactoryBean.java:437] Initialized JPA EntityManagerFactory for persistence unit 'default'
[2021-07-09 10:57:40,984] [31m[WARN][0;39m [o.s.b.a.o.j.JpaBaseConfiguration$JpaWebConfiguration JpaBaseConfiguration.java:219] spring.jpa.open-in-view is enabled by default. Therefore, database queries may be performed during view rendering. Explicitly configure spring.jpa.open-in-view to disable this warning
[2021-07-09 10:57:41,333] [34m[INFO][0;39m [o.a.c.h.Http11NioProtocol DirectJDKLog.java:173] Starting ProtocolHandler ["http-nio-8080"]
[2021-07-09 10:57:41,349] [34m[INFO][0;39m [o.s.b.w.e.t.TomcatWebServer TomcatWebServer.java:220] Tomcat started on port(s): 8080 (http) with context path ''
